<?xml version="1.0" encoding="UTF-8"?>
<coverage generated="1687990777878" clover="3.2.0">
  <project timestamp="1687990777878" name="All files">
    <metrics statements="35" coveredstatements="35" conditionals="10" coveredconditionals="9" methods="8" coveredmethods="8" elements="53" coveredelements="52" complexity="0" loc="35" ncloc="35" packages="1" files="2" classes="2"/>
    <file name="gameboard.js" path="/Users/mohaosman/Desktop/projects/Battleship/src/gameboard.js">
      <metrics statements="28" coveredstatements="28" conditionals="10" coveredconditionals="9" methods="4" coveredmethods="4"/>
      <line num="1" count="1" type="stmt"/>
      <line num="2" count="1" type="stmt"/>
      <line num="3" count="1" type="stmt"/>
      <line num="5" count="1" type="stmt"/>
      <line num="6" count="2" type="stmt"/>
      <line num="8" count="2" type="cond" truecount="2" falsecount="0"/>
      <line num="9" count="1" type="stmt"/>
      <line num="10" count="3" type="stmt"/>
      <line num="12" count="1" type="cond" truecount="1" falsecount="1"/>
      <line num="13" count="1" type="stmt"/>
      <line num="14" count="2" type="stmt"/>
      <line num="18" count="2" type="stmt"/>
      <line num="21" count="1" type="stmt"/>
      <line num="22" count="6" type="stmt"/>
      <line num="23" count="8" type="stmt"/>
      <line num="24" count="8" type="stmt"/>
      <line num="25" count="8" type="stmt"/>
      <line num="26" count="18" type="cond" truecount="4" falsecount="0"/>
      <line num="27" count="5" type="stmt"/>
      <line num="28" count="5" type="stmt"/>
      <line num="32" count="1" type="stmt"/>
      <line num="35" count="1" type="stmt"/>
      <line num="36" count="3" type="stmt"/>
      <line num="37" count="4" type="cond" truecount="2" falsecount="0"/>
      <line num="38" count="1" type="stmt"/>
      <line num="41" count="2" type="stmt"/>
      <line num="44" count="1" type="stmt"/>
      <line num="47" count="1" type="stmt"/>
    </file>
    <file name="ship.js" path="/Users/mohaosman/Desktop/projects/Battleship/src/ship.js">
      <metrics statements="7" coveredstatements="7" conditionals="0" coveredconditionals="0" methods="4" coveredmethods="4"/>
      <line num="1" count="2" type="stmt"/>
      <line num="2" count="5" type="stmt"/>
      <line num="3" count="5" type="stmt"/>
      <line num="4" count="9" type="stmt"/>
      <line num="6" count="13" type="stmt"/>
      <line num="7" count="5" type="stmt"/>
      <line num="10" count="2" type="stmt"/>
    </file>
  </project>
</coverage>
