{
  "/Users/mohaosman/Desktop/projects/Battleship/src/ship.js": {
    "path": "/Users/mohaosman/Desktop/projects/Battleship/src/ship.js",
    "statementMap": {
      "0": {
        "start": { "line": 7, "column": 20 },
        "end": { "line": 14, "column": 3 }
      },
      "1": {
        "start": { "line": 8, "column": 21 },
        "end": { "line": 8, "column": 50 }
      },
      "2": {
        "start": { "line": 9, "column": 16 },
        "end": { "line": 11, "column": 5 }
      },
      "3": {
        "start": { "line": 10, "column": 6 },
        "end": { "line": 10, "column": 32 }
      },
      "4": {
        "start": { "line": 12, "column": 19 },
        "end": { "line": 12, "column": 72 }
      },
      "5": {
        "start": { "line": 12, "column": 25 },
        "end": { "line": 12, "column": 72 }
      },
      "6": {
        "start": { "line": 12, "column": 54 },
        "end": { "line": 12, "column": 71 }
      },
      "7": {
        "start": { "line": 13, "column": 4 },
        "end": { "line": 13, "column": 35 }
      },
      "8": {
        "start": { "line": 16, "column": 2 },
        "end": { "line": 16, "column": 24 }
      }
    },
    "fnMap": {
      "0": {
        "name": "(anonymous_0)",
        "decl": {
          "start": { "line": 7, "column": 20 },
          "end": { "line": 7, "column": 21 }
        },
        "loc": {
          "start": { "line": 7, "column": 32 },
          "end": { "line": 14, "column": 3 }
        },
        "line": 7
      },
      "1": {
        "name": "(anonymous_1)",
        "decl": {
          "start": { "line": 9, "column": 16 },
          "end": { "line": 9, "column": 17 }
        },
        "loc": {
          "start": { "line": 9, "column": 30 },
          "end": { "line": 11, "column": 5 }
        },
        "line": 9
      },
      "2": {
        "name": "(anonymous_2)",
        "decl": {
          "start": { "line": 12, "column": 19 },
          "end": { "line": 12, "column": 20 }
        },
        "loc": {
          "start": { "line": 12, "column": 25 },
          "end": { "line": 12, "column": 72 }
        },
        "line": 12
      },
      "3": {
        "name": "(anonymous_3)",
        "decl": {
          "start": { "line": 12, "column": 40 },
          "end": { "line": 12, "column": 41 }
        },
        "loc": {
          "start": { "line": 12, "column": 54 },
          "end": { "line": 12, "column": 71 }
        },
        "line": 12
      }
    },
    "branchMap": {},
    "s": {
      "0": 1,
      "1": 3,
      "2": 3,
      "3": 4,
      "4": 3,
      "5": 2,
      "6": 4,
      "7": 3,
      "8": 1
    },
    "f": { "0": 3, "1": 4, "2": 2, "3": 4 },
    "b": {},
    "_coverageSchema": "1a1c01bbd47fc00a2c39e90264f33305004495a9",
    "hash": "b4dddb1274b83e0af0adb86d8ceb6b85befc7107"
  }
}
