TN:
SF:src/gameboard.js
FN:3,(anonymous_0)
FN:7,(anonymous_1)
FNF:2
FNH:2
FNDA:2,(anonymous_0)
FNDA:1,(anonymous_1)
DA:3,1
DA:4,2
DA:5,2
DA:7,2
DA:8,1
DA:10,1
DA:11,1
DA:12,3
DA:14,0
DA:15,0
DA:16,0
DA:20,1
DA:23,2
DA:26,1
LF:14
LH:11
BRDA:10,0,0,1
BRDA:10,0,1,0
BRDA:14,1,0,0
BRDA:14,1,1,0
BRF:4
BRH:1
end_of_record
TN:
SF:src/ship.js
FN:1,(anonymous_0)
FN:3,(anonymous_1)
FN:6,(anonymous_2)
FN:6,(anonymous_3)
FNF:4
FNH:4
FNDA:3,(anonymous_0)
FNDA:4,(anonymous_1)
FNDA:2,(anonymous_2)
FNDA:4,(anonymous_3)
DA:1,2
DA:2,3
DA:3,3
DA:4,4
DA:6,4
DA:7,3
DA:10,2
LF:7
LH:7
BRF:0
BRH:0
end_of_record
