TN:
SF:src/gameboard.js
FN:1,(anonymous_0)
FN:6,(anonymous_1)
FN:22,(anonymous_2)
FN:38,(anonymous_3)
FN:47,(anonymous_4)
FNF:5
FNH:5
FNDA:3,(anonymous_0)
FNDA:2,(anonymous_1)
FNDA:8,(anonymous_2)
FNDA:3,(anonymous_3)
FNDA:4,(anonymous_4)
DA:1,2
DA:2,3
DA:3,3
DA:4,3
DA:6,3
DA:7,2
DA:9,2
DA:10,1
DA:11,3
DA:13,1
DA:14,1
DA:15,2
DA:19,2
DA:22,3
DA:23,8
DA:24,8
DA:25,8
DA:26,8
DA:27,18
DA:28,5
DA:29,5
DA:30,5
DA:34,3
DA:35,3
DA:38,3
DA:39,3
DA:40,4
DA:41,1
DA:44,2
DA:47,3
DA:48,4
DA:49,8
DA:50,1
DA:53,3
DA:56,3
LF:35
LH:35
BRDA:9,0,0,1
BRDA:9,0,1,1
BRDA:13,1,0,1
BRDA:13,1,1,0
BRDA:27,2,0,5
BRDA:27,2,1,13
BRDA:27,3,0,18
BRDA:27,3,1,9
BRDA:40,4,0,1
BRDA:40,4,1,3
BRDA:49,5,0,1
BRDA:49,5,1,7
BRDA:49,6,0,8
BRDA:49,6,1,2
BRF:14
BRH:13
end_of_record
TN:
SF:src/player.js
FN:3,(anonymous_0)
FN:6,(anonymous_1)
FN:17,(anonymous_2)
FN:20,(anonymous_3)
FNF:4
FNH:4
FNDA:1,(anonymous_0)
FNDA:1,(anonymous_1)
FNDA:1,(anonymous_2)
FNDA:1,(anonymous_3)
DA:3,1
DA:4,1
DA:6,1
DA:7,1
DA:8,0
DA:10,1
DA:14,1
DA:17,1
DA:18,1
DA:20,1
DA:21,1
DA:22,1
DA:23,1
DA:24,0
DA:26,1
DA:30,1
LF:16
LH:14
BRDA:7,0,0,0
BRDA:7,0,1,1
BRDA:23,1,0,0
BRDA:23,1,1,1
BRF:4
BRH:2
end_of_record
TN:
SF:src/ship.js
FN:1,(anonymous_0)
FN:3,(anonymous_1)
FN:6,(anonymous_2)
FN:6,(anonymous_3)
FNF:4
FNH:4
FNDA:5,(anonymous_0)
FNDA:9,(anonymous_1)
FNDA:5,(anonymous_2)
FNDA:13,(anonymous_3)
DA:1,2
DA:2,5
DA:3,5
DA:4,9
DA:6,13
DA:7,5
LF:6
LH:6
BRF:0
BRH:0
end_of_record
